<?xml version="1.0" encoding="UTF-8"?>
<!-- Generated by org.testng.reporters.JUnitReportReporter -->
<testsuite hostname="Gunjans-MacBook-Air.local" failures="0" tests="2" name="GunjanSrivastavaAutomation.Tests.GoogleSearch" time="9.091" errors="0" timestamp="2024-02-21T15:46:44 EST" skipped="0">
  <testcase classname="GunjanSrivastavaAutomation.Tests.GoogleSearch" name="verifyItemUponGoogleSearch" time="3.033"/>
  <system-out/>
  <testcase classname="GunjanSrivastavaAutomation.Tests.GoogleSearch" name="verifyItemUponGoogleSearch" time="6.058"/>
  <system-out/>
</testsuite> <!-- GunjanSrivastavaAutomation.Tests.GoogleSearch -->
