<?xml version="1.0" encoding="UTF-8"?>
<!-- Generated by org.testng.reporters.JUnitReportReporter -->
<testsuite hostname="Gunjans-MacBook-Air.local" failures="0" tests="1" name="cucumber.TestNGTestRunner" time="13.390" errors="0" timestamp="2024-02-19T16:09:10 EST" skipped="0">
  <testcase classname="cucumber.TestNGTestRunner" name="runScenario" time="13.390"/>
  <system-out/>
</testsuite> <!-- cucumber.TestNGTestRunner -->
